
======== GPU REPORT ========

==============NVSMI LOG==============

Timestamp                           : Fri Nov 16 12:47:59 2018
Driver Version                      : 384.145

Attached GPUs                       : 1
GPU 00000000:8A:00.0
    Accounting Mode                 : Enabled
    Accounting Mode Buffer Size     : 1920
    Accounted Processes
        Process ID                  : 79045
            GPU Utilization         : 0 %
            Memory Utilization      : 0 %
            Max memory usage        : 679 MiB
            Time                    : 87213 ms
            Is Running              : 0
        Process ID                  : 79922
            GPU Utilization         : 16 %
            Memory Utilization      : 22 %
            Max memory usage        : 2069 MiB
            Time                    : 100439 ms
            Is Running              : 0
        Process ID                  : 81139
            GPU Utilization         : 45 %
            Memory Utilization      : 65 %
            Max memory usage        : 2069 MiB
            Time                    : 343571 ms
            Is Running              : 0
        Process ID                  : 5416
            GPU Utilization         : 23 %
            Memory Utilization      : 33 %
            Max memory usage        : 2069 MiB
            Time                    : 111823 ms
            Is Running              : 0
        Process ID                  : 1330
            GPU Utilization         : 23 %
            Memory Utilization      : 33 %
            Max memory usage        : 0 MiB
            Time                    : 111936 ms
            Is Running              : 0
        Process ID                  : 6558
            GPU Utilization         : 0 %
            Memory Utilization      : 0 %
            Max memory usage        : 1893 MiB
            Time                    : 401399 ms
            Is Running              : 0
        Process ID                  : 1330
            GPU Utilization         : 23 %
            Memory Utilization      : 33 %
            Max memory usage        : 0 MiB
            Time                    : 111936 ms
            Is Running              : 0

Fri Nov 16 12:47:59 2018       
+-----------------------------------------------------------------------------+
| NVIDIA-SMI 384.145                Driver Version: 384.145                   |
|-------------------------------+----------------------+----------------------+
| GPU  Name        Persistence-M| Bus-Id        Disp.A | Volatile Uncorr. ECC |
| Fan  Temp  Perf  Pwr:Usage/Cap|         Memory-Usage | GPU-Util  Compute M. |
|===============================+======================+======================|
|   0  Tesla P100-SXM2...  On   | 00000000:8A:00.0 Off |                    0 |
| N/A   32C    P0    39W / 300W |   1894MiB / 16276MiB |      0%      Default |
+-------------------------------+----------------------+----------------------+
                                                                               
+-----------------------------------------------------------------------------+
| Processes:                                                       GPU Memory |
|  GPU       PID   Type   Process name                             Usage      |
|=============================================================================|
|  No running processes found                                                 |
+-----------------------------------------------------------------------------+
