initializing resnet with fine_tuning=True
[1/100] 177.24 sec: loss=2.4242/1.8241, acc=0.3260/0.4710
[2/100] 165.90 sec: loss=1.4582/1.4166, acc=0.5671/0.5690
[3/100] 165.91 sec: loss=1.2043/1.1958, acc=0.6488/0.6610
[4/100] 165.90 sec: loss=1.0555/1.0504, acc=0.6857/0.6900
[5/100] 166.00 sec: loss=0.9480/1.0782, acc=0.7224/0.6930
[6/100] 165.85 sec: loss=0.8592/1.0112, acc=0.7556/0.6980
[7/100] 165.86 sec: loss=0.7932/1.0509, acc=0.7628/0.7160
[8/100] 165.62 sec: loss=0.7365/0.9828, acc=0.7806/0.7270
[9/100] 165.66 sec: loss=0.6870/0.8884, acc=0.7976/0.7330
[10/100] 165.82 sec: loss=0.6384/0.9680, acc=0.8086/0.7370
[11/100] 165.72 sec: loss=0.5983/0.9124, acc=0.8218/0.7540
new best model found: acc=0.728, loss=1.0093580726534128
[12/100] 166.11 sec: loss=0.5614/1.0094, acc=0.8347/0.7280
new best model found: acc=0.763, loss=0.911959121003747
[13/100] 165.96 sec: loss=0.5328/0.9120, acc=0.8379/0.7630
[14/100] 165.96 sec: loss=0.4996/0.9939, acc=0.8490/0.7430
[15/100] 166.10 sec: loss=0.4636/0.9491, acc=0.8622/0.7620
[16/100] 165.97 sec: loss=0.4281/0.9624, acc=0.8679/0.7520
[17/100] 166.10 sec: loss=0.4086/1.0095, acc=0.8763/0.7410
[18/100] 166.01 sec: loss=0.3641/0.9843, acc=0.8877/0.7510
[19/100] 165.88 sec: loss=0.3496/1.0012, acc=0.8894/0.7470
[20/100] 165.91 sec: loss=0.3235/1.1071, acc=0.9003/0.7310
new best model found: acc=0.766, loss=0.9439328098669648
[21/100] 166.11 sec: loss=0.2366/0.9439, acc=0.9300/0.7660
new best model found: acc=0.775, loss=0.9088566405698657
[22/100] 166.08 sec: loss=0.2121/0.9089, acc=0.9361/0.7750
[23/100] 166.16 sec: loss=0.1902/0.9323, acc=0.9473/0.7650
[24/100] 166.08 sec: loss=0.1757/0.9238, acc=0.9490/0.7700
new best model found: acc=0.778, loss=0.8829522095620632
[25/100] 165.81 sec: loss=0.1682/0.8830, acc=0.9513/0.7780
new best model found: acc=0.78, loss=0.9129956220276654
[26/100] 166.11 sec: loss=0.1596/0.9130, acc=0.9531/0.7800
[27/100] 166.31 sec: loss=0.1471/0.9181, acc=0.9579/0.7730
[28/100] 166.29 sec: loss=0.1462/0.9242, acc=0.9593/0.7790
[29/100] 166.09 sec: loss=0.1465/0.9120, acc=0.9584/0.7680
new best model found: acc=0.786, loss=0.9536214200779796
[30/100] 165.90 sec: loss=0.1361/0.9536, acc=0.9624/0.7860
[31/100] 165.53 sec: loss=0.1385/0.9468, acc=0.9634/0.7810
[32/100] 165.83 sec: loss=0.1218/0.9229, acc=0.9666/0.7790
[33/100] 165.78 sec: loss=0.1192/0.9673, acc=0.9664/0.7780
[34/100] 165.69 sec: loss=0.1151/0.9622, acc=0.9672/0.7730
[35/100] 165.58 sec: loss=0.1149/0.9293, acc=0.9680/0.7780
[36/100] 165.88 sec: loss=0.1111/0.9849, acc=0.9689/0.7780
[37/100] 166.04 sec: loss=0.1056/0.8810, acc=0.9717/0.7700
[38/100] 165.99 sec: loss=0.1031/0.8569, acc=0.9704/0.7860
[39/100] 166.08 sec: loss=0.1072/0.9200, acc=0.9717/0.7720
new best model found: acc=0.788, loss=0.9062348073348403
[40/100] 165.86 sec: loss=0.1053/0.9062, acc=0.9722/0.7880
[41/100] 166.11 sec: loss=0.1022/0.9404, acc=0.9737/0.7810
[42/100] 166.08 sec: loss=0.1024/0.9933, acc=0.9740/0.7690
[43/100] 166.08 sec: loss=0.1041/0.9103, acc=0.9707/0.7750
[44/100] 165.72 sec: loss=0.1004/0.9537, acc=0.9721/0.7750
[45/100] 165.73 sec: loss=0.1034/0.9312, acc=0.9729/0.7740
[46/100] 166.06 sec: loss=0.1035/0.9576, acc=0.9723/0.7720
[47/100] 166.10 sec: loss=0.1003/0.9158, acc=0.9718/0.7800
[48/100] 166.17 sec: loss=0.1015/0.9167, acc=0.9733/0.7740
[49/100] 165.93 sec: loss=0.1006/0.9257, acc=0.9733/0.7830
[50/100] 165.79 sec: loss=0.0994/0.9494, acc=0.9744/0.7820
[51/100] 165.93 sec: loss=0.0983/0.9059, acc=0.9737/0.7870
[52/100] 166.10 sec: loss=0.0959/0.9854, acc=0.9771/0.7740
[53/100] 166.05 sec: loss=0.1006/0.9543, acc=0.9737/0.7800
[54/100] 166.19 sec: loss=0.1019/0.9354, acc=0.9723/0.7800
[55/100] 166.20 sec: loss=0.1036/0.9807, acc=0.9726/0.7790
[56/100] 166.27 sec: loss=0.0916/0.9758, acc=0.9781/0.7690
new best model found: acc=0.789, loss=0.8909686203114688
[57/100] 165.91 sec: loss=0.0979/0.8910, acc=0.9717/0.7890
[58/100] 166.17 sec: loss=0.0998/0.9136, acc=0.9727/0.7870
[59/100] 166.13 sec: loss=0.0987/0.9591, acc=0.9751/0.7700
[60/100] 166.17 sec: loss=0.1010/0.8938, acc=0.9732/0.7810
[61/100] 165.79 sec: loss=0.0947/0.9419, acc=0.9764/0.7840
[62/100] 165.79 sec: loss=0.0966/1.0315, acc=0.9742/0.7730
[63/100] 165.69 sec: loss=0.1012/0.9174, acc=0.9727/0.7770
[64/100] 165.91 sec: loss=0.0988/0.9078, acc=0.9742/0.7790
[65/100] 166.08 sec: loss=0.1049/0.9642, acc=0.9720/0.7860
[66/100] 165.88 sec: loss=0.0976/0.9149, acc=0.9746/0.7740
[67/100] 165.91 sec: loss=0.0968/0.9594, acc=0.9748/0.7720
[68/100] 165.87 sec: loss=0.1006/0.8865, acc=0.9728/0.7780
[69/100] 165.88 sec: loss=0.1005/0.9210, acc=0.9728/0.7780
[70/100] 165.89 sec: loss=0.0996/0.8970, acc=0.9756/0.7880
[71/100] 165.67 sec: loss=0.1010/0.9742, acc=0.9740/0.7760
new best model found: acc=0.791, loss=0.9617326259613037
[72/100] 165.28 sec: loss=0.1009/0.9617, acc=0.9740/0.7910
[73/100] 165.27 sec: loss=0.0937/0.9395, acc=0.9776/0.7900
[74/100] 165.69 sec: loss=0.1017/0.9230, acc=0.9729/0.7900
[75/100] 165.46 sec: loss=0.0983/0.9501, acc=0.9759/0.7720
[76/100] 165.71 sec: loss=0.1012/0.9399, acc=0.9733/0.7770
[77/100] 165.26 sec: loss=0.0957/0.9622, acc=0.9753/0.7660
[78/100] 165.07 sec: loss=0.0961/0.9552, acc=0.9758/0.7900
[79/100] 164.89 sec: loss=0.0974/0.9648, acc=0.9742/0.7660
[80/100] 164.87 sec: loss=0.0966/0.9275, acc=0.9746/0.7840
[81/100] 165.07 sec: loss=0.1039/0.9488, acc=0.9709/0.7750
[82/100] 165.49 sec: loss=0.0987/0.9573, acc=0.9723/0.7790
[83/100] 165.70 sec: loss=0.0943/0.9045, acc=0.9758/0.7840
new best model found: acc=0.792, loss=0.914637747220695
[84/100] 165.48 sec: loss=0.1012/0.9146, acc=0.9733/0.7920
[85/100] 165.67 sec: loss=0.1018/0.9486, acc=0.9720/0.7800
[86/100] 165.28 sec: loss=0.1018/0.9226, acc=0.9740/0.7810
[87/100] 164.89 sec: loss=0.0962/0.9784, acc=0.9749/0.7710
[88/100] 165.03 sec: loss=0.0986/0.8976, acc=0.9718/0.7800
[89/100] 164.88 sec: loss=0.0967/1.0470, acc=0.9743/0.7770
[90/100] 164.65 sec: loss=0.0943/0.8852, acc=0.9758/0.7820
[91/100] 165.48 sec: loss=0.1006/0.9248, acc=0.9738/0.7730
[92/100] 165.52 sec: loss=0.0963/0.9412, acc=0.9741/0.7780
[93/100] 165.88 sec: loss=0.0976/0.9614, acc=0.9751/0.7880
[94/100] 165.47 sec: loss=0.1030/0.9486, acc=0.9726/0.7770
[95/100] 165.07 sec: loss=0.0930/0.9588, acc=0.9760/0.7900
[96/100] 164.64 sec: loss=0.0988/1.0269, acc=0.9741/0.7700
[97/100] 164.26 sec: loss=0.0958/0.9619, acc=0.9751/0.7690
[98/100] 164.04 sec: loss=0.1015/0.9835, acc=0.9737/0.7650
[99/100] 163.87 sec: loss=0.0948/1.0015, acc=0.9744/0.7740
[100/100] 164.04 sec: loss=0.0959/0.9647, acc=0.9754/0.7740
early stopping -- rewinding to epoch 83
TEST DONE in 16596.81 sec: lr=0.001, momentum=0.9, l2=0.001, loss=0.9146
^^^ NEW BEST MODEL CHOSEN ^^^
initializing resnet with fine_tuning=True
[1/100] 164.04 sec: loss=2.4039/1.7276, acc=0.3280/0.5060
[2/100] 164.91 sec: loss=1.4183/1.3346, acc=0.5800/0.5950
[3/100] 164.65 sec: loss=1.1840/1.2492, acc=0.6508/0.6570
[4/100] 163.84 sec: loss=1.0366/1.0393, acc=0.7026/0.6750
[5/100] 162.80 sec: loss=0.9309/0.9878, acc=0.7263/0.7090
[6/100] 162.21 sec: loss=0.8557/0.9938, acc=0.7476/0.7250
[7/100] 161.55 sec: loss=0.7809/1.0337, acc=0.7683/0.7170
[8/100] 161.19 sec: loss=0.7303/0.9702, acc=0.7872/0.7190
[9/100] 160.95 sec: loss=0.6753/0.9700, acc=0.7992/0.7260
[10/100] 161.39 sec: loss=0.6316/0.9371, acc=0.8107/0.7350
[11/100] 161.38 sec: loss=0.5947/0.9240, acc=0.8211/0.7560
new best model found: acc=0.747, loss=0.947348564863205
[12/100] 161.19 sec: loss=0.5466/0.9473, acc=0.8356/0.7470
[13/100] 160.77 sec: loss=0.5138/0.9772, acc=0.8489/0.7460
[14/100] 160.33 sec: loss=0.4710/0.9511, acc=0.8570/0.7350
new best model found: acc=0.764, loss=0.9453212069347501
[15/100] 160.41 sec: loss=0.4373/0.9453, acc=0.8653/0.7640
[16/100] 160.32 sec: loss=0.4252/1.2115, acc=0.8704/0.6990
[17/100] 159.93 sec: loss=0.4066/0.9785, acc=0.8757/0.7300
[18/100] 160.16 sec: loss=0.3738/0.9705, acc=0.8861/0.7580
[19/100] 160.78 sec: loss=0.3456/1.0940, acc=0.8908/0.7420
[20/100] 160.98 sec: loss=0.3213/0.9966, acc=0.8971/0.7610
[21/100] 160.74 sec: loss=0.2790/1.0298, acc=0.9127/0.7450
[22/100] 160.55 sec: loss=0.2657/1.1064, acc=0.9154/0.7530
new best model found: acc=0.775, loss=0.9637908027507365
[23/100] 160.21 sec: loss=0.1921/0.9638, acc=0.9444/0.7750
[24/100] 159.86 sec: loss=0.1675/0.9347, acc=0.9497/0.7730
[25/100] 159.77 sec: loss=0.1561/0.9792, acc=0.9539/0.7570
new best model found: acc=0.784, loss=0.9368666321970522
[26/100] 159.80 sec: loss=0.1360/0.9369, acc=0.9604/0.7840
new best model found: acc=0.785, loss=0.9309781678020954
[27/100] 159.86 sec: loss=0.1360/0.9310, acc=0.9602/0.7850
new best model found: acc=0.786, loss=0.9308550329878926
[28/100] 159.60 sec: loss=0.1299/0.9309, acc=0.9606/0.7860
[29/100] 160.34 sec: loss=0.1229/0.9568, acc=0.9628/0.7780
[30/100] 160.77 sec: loss=0.1120/0.9816, acc=0.9663/0.7730
[31/100] 160.40 sec: loss=0.1178/0.9637, acc=0.9661/0.7690
[32/100] 159.50 sec: loss=0.1035/0.9975, acc=0.9706/0.7700
[33/100] 159.38 sec: loss=0.1000/0.9742, acc=0.9704/0.7730
[34/100] 159.07 sec: loss=0.1000/1.0182, acc=0.9704/0.7750
[35/100] 158.91 sec: loss=0.0993/0.9755, acc=0.9727/0.7790
[36/100] 158.78 sec: loss=0.0959/0.9796, acc=0.9738/0.7770
[37/100] 159.09 sec: loss=0.1066/1.0360, acc=0.9702/0.7660
[38/100] 159.35 sec: loss=0.0960/1.0321, acc=0.9728/0.7750
new best model found: acc=0.789, loss=0.9784408677369356
[39/100] 159.39 sec: loss=0.0914/0.9784, acc=0.9750/0.7890
[40/100] 159.08 sec: loss=0.0989/0.9516, acc=0.9729/0.7830
[41/100] 159.22 sec: loss=0.1025/0.9759, acc=0.9721/0.7740
[42/100] 158.81 sec: loss=0.1017/1.0164, acc=0.9702/0.7740
[43/100] 158.49 sec: loss=0.0951/1.0316, acc=0.9740/0.7770
[44/100] 158.74 sec: loss=0.0956/0.9865, acc=0.9722/0.7860
[45/100] 158.77 sec: loss=0.0926/0.9581, acc=0.9737/0.7830
new best model found: acc=0.793, loss=0.9096944183111191
[46/100] 158.52 sec: loss=0.0919/0.9097, acc=0.9743/0.7930
[47/100] 158.91 sec: loss=0.0954/0.9707, acc=0.9716/0.7760
[48/100] 159.15 sec: loss=0.0899/0.9901, acc=0.9749/0.7690
[49/100] 159.10 sec: loss=0.0921/1.0248, acc=0.9759/0.7800
[50/100] 159.15 sec: loss=0.0979/0.9665, acc=0.9724/0.7820
[51/100] 158.68 sec: loss=0.0905/0.9525, acc=0.9734/0.7850
[52/100] 158.54 sec: loss=0.0901/1.0034, acc=0.9746/0.7830
[53/100] 158.50 sec: loss=0.0921/0.9738, acc=0.9739/0.7850
[54/100] 158.13 sec: loss=0.0880/0.9373, acc=0.9771/0.7830
[55/100] 158.35 sec: loss=0.0920/0.9223, acc=0.9757/0.7900
[56/100] 158.27 sec: loss=0.0950/0.9591, acc=0.9739/0.7840
[57/100] 158.15 sec: loss=0.0940/0.9880, acc=0.9739/0.7810
[58/100] 158.91 sec: loss=0.0927/0.9891, acc=0.9738/0.7860
[59/100] 158.33 sec: loss=0.0997/0.9567, acc=0.9731/0.7840
[60/100] 159.28 sec: loss=0.0901/1.0354, acc=0.9766/0.7750
[61/100] 158.37 sec: loss=0.0944/0.8889, acc=0.9723/0.7830
new best model found: acc=0.795, loss=0.9400231447070837
[62/100] 158.31 sec: loss=0.0956/0.9400, acc=0.9729/0.7950
[63/100] 158.19 sec: loss=0.0978/1.0076, acc=0.9723/0.7740
[64/100] 158.20 sec: loss=0.0931/1.0053, acc=0.9760/0.7780
[65/100] 158.05 sec: loss=0.0934/1.0265, acc=0.9737/0.7810
[66/100] 158.35 sec: loss=0.0924/0.9167, acc=0.9760/0.7900
[67/100] 158.51 sec: loss=0.0964/1.0103, acc=0.9739/0.7730
[68/100] 158.50 sec: loss=0.0938/0.9569, acc=0.9743/0.7770
[69/100] 158.11 sec: loss=0.0984/0.9659, acc=0.9742/0.7870
[70/100] 157.55 sec: loss=0.0920/0.9292, acc=0.9756/0.7820
[71/100] 157.39 sec: loss=0.0938/0.8689, acc=0.9748/0.7950
[72/100] 157.51 sec: loss=0.0884/1.0119, acc=0.9763/0.7880
[73/100] 157.49 sec: loss=0.0904/1.0094, acc=0.9753/0.7730
[74/100] 157.71 sec: loss=0.0929/1.0331, acc=0.9731/0.7790
new best model found: acc=0.796, loss=0.970992405898869
[75/100] 158.12 sec: loss=0.0935/0.9710, acc=0.9737/0.7960
[76/100] 158.08 sec: loss=0.0973/0.9932, acc=0.9731/0.7800
[77/100] 158.14 sec: loss=0.1000/0.9946, acc=0.9723/0.7810
[78/100] 157.77 sec: loss=0.0929/0.9427, acc=0.9738/0.7710
[79/100] 157.81 sec: loss=0.0913/0.9762, acc=0.9756/0.7890
[80/100] 157.71 sec: loss=0.0906/0.9313, acc=0.9739/0.7730
[81/100] 157.50 sec: loss=0.0972/0.9347, acc=0.9727/0.7810
[82/100] 157.13 sec: loss=0.0906/1.0249, acc=0.9744/0.7760
[83/100] 157.36 sec: loss=0.0943/1.0799, acc=0.9757/0.7700
[84/100] 157.45 sec: loss=0.0872/1.0526, acc=0.9757/0.7810
[85/100] 157.55 sec: loss=0.0929/1.0063, acc=0.9729/0.7830
[86/100] 157.61 sec: loss=0.0914/0.9713, acc=0.9750/0.7850
[87/100] 157.47 sec: loss=0.0924/0.9718, acc=0.9740/0.7730
[88/100] 157.16 sec: loss=0.0984/0.9469, acc=0.9732/0.7820
[89/100] 156.98 sec: loss=0.0933/1.0124, acc=0.9731/0.7910
[90/100] 157.21 sec: loss=0.0929/0.9545, acc=0.9747/0.7830
[91/100] 156.89 sec: loss=0.0936/0.9484, acc=0.9740/0.7760
[92/100] 157.17 sec: loss=0.0923/1.0251, acc=0.9750/0.7840
[93/100] 157.16 sec: loss=0.0934/0.9944, acc=0.9754/0.7840
[94/100] 156.92 sec: loss=0.0857/0.9870, acc=0.9763/0.7810
[95/100] 157.12 sec: loss=0.0927/1.0080, acc=0.9746/0.7810
[96/100] 157.35 sec: loss=0.0935/0.9889, acc=0.9737/0.7830
[97/100] 157.15 sec: loss=0.0952/1.0219, acc=0.9728/0.7670
[98/100] 156.98 sec: loss=0.0950/0.9849, acc=0.9719/0.7720
[99/100] 157.20 sec: loss=0.0920/0.9663, acc=0.9738/0.7830
[100/100] 156.86 sec: loss=0.0977/1.0325, acc=0.9712/0.7700
impatient! no performance increase since epoch 74
early stopping -- rewinding to epoch 74
TEST DONE in 15911.89 sec: lr=0.001, momentum=0.9, l2=1e-05, loss=0.9710
^^^ NEW BEST MODEL CHOSEN ^^^
initializing resnet with fine_tuning=True
[1/100] 164.34 sec: loss=2.4268/1.6295, acc=0.3289/0.5190
[2/100] 159.63 sec: loss=1.4191/1.3261, acc=0.5829/0.6040
[3/100] 158.16 sec: loss=1.1616/1.1219, acc=0.6554/0.6620
[4/100] 157.47 sec: loss=1.0265/1.1101, acc=0.7014/0.6720
[5/100] 157.21 sec: loss=0.9308/1.1378, acc=0.7263/0.6920
[6/100] 156.91 sec: loss=0.8371/1.0943, acc=0.7524/0.6850
[7/100] 156.87 sec: loss=0.7796/0.9836, acc=0.7700/0.7170
[8/100] 156.70 sec: loss=0.7107/0.9991, acc=0.7898/0.7250
[9/100] 156.88 sec: loss=0.6789/1.0245, acc=0.8016/0.7190
[10/100] 156.55 sec: loss=0.6251/0.9298, acc=0.8150/0.7370
[11/100] 156.64 sec: loss=0.5858/0.9768, acc=0.8267/0.7360
new best model found: acc=0.738, loss=0.9648459833115339
[12/100] 156.59 sec: loss=0.5406/0.9648, acc=0.8368/0.7380
new best model found: acc=0.741, loss=0.9852443607524037
[13/100] 156.68 sec: loss=0.4951/0.9852, acc=0.8490/0.7410
new best model found: acc=0.743, loss=1.0374026307836175
[14/100] 156.69 sec: loss=0.4497/1.0374, acc=0.8637/0.7430
new best model found: acc=0.752, loss=0.9292694255709648
[15/100] 156.72 sec: loss=0.4365/0.9293, acc=0.8674/0.7520
[16/100] 156.75 sec: loss=0.4224/0.9697, acc=0.8659/0.7360
[17/100] 156.65 sec: loss=0.3959/1.0053, acc=0.8781/0.7460
[18/100] 156.60 sec: loss=0.3808/0.9997, acc=0.8836/0.7450
[19/100] 156.47 sec: loss=0.3587/0.9965, acc=0.8880/0.7450
new best model found: acc=0.765, loss=0.9988440899178386
[20/100] 156.35 sec: loss=0.3090/0.9988, acc=0.9069/0.7650
[21/100] 156.48 sec: loss=0.2863/1.0485, acc=0.9084/0.7380
[22/100] 156.61 sec: loss=0.2617/1.0776, acc=0.9196/0.7520
[23/100] 157.22 sec: loss=0.2535/1.1468, acc=0.9192/0.7340
[24/100] 156.91 sec: loss=0.2374/1.0361, acc=0.9263/0.7650
[25/100] 156.51 sec: loss=0.2236/1.0529, acc=0.9307/0.7550
[26/100] 156.52 sec: loss=0.2017/1.1324, acc=0.9387/0.7440
new best model found: acc=0.771, loss=1.032760032452643
[27/100] 156.48 sec: loss=0.1375/1.0328, acc=0.9566/0.7710
[28/100] 156.59 sec: loss=0.1162/0.9858, acc=0.9678/0.7590
new best model found: acc=0.787, loss=1.016574871726334
[29/100] 156.24 sec: loss=0.1079/1.0166, acc=0.9681/0.7870
[30/100] 156.29 sec: loss=0.1000/1.0209, acc=0.9711/0.7620
[31/100] 156.39 sec: loss=0.0922/1.0445, acc=0.9732/0.7800
[32/100] 156.49 sec: loss=0.0959/0.9946, acc=0.9724/0.7720
[33/100] 156.70 sec: loss=0.0859/1.0560, acc=0.9776/0.7630
[34/100] 156.54 sec: loss=0.0799/1.1083, acc=0.9792/0.7580
[35/100] 156.23 sec: loss=0.0766/1.0016, acc=0.9783/0.7820
[36/100] 156.21 sec: loss=0.0759/1.0475, acc=0.9793/0.7680
new best model found: acc=0.79, loss=0.9822105560451746
[37/100] 156.44 sec: loss=0.0730/0.9822, acc=0.9806/0.7900
[38/100] 156.36 sec: loss=0.0696/1.1047, acc=0.9796/0.7660
[39/100] 156.31 sec: loss=0.0700/0.9709, acc=0.9819/0.7880
[40/100] 156.17 sec: loss=0.0678/0.9902, acc=0.9812/0.7710
[41/100] 156.45 sec: loss=0.0652/1.0340, acc=0.9828/0.7670
[42/100] 156.67 sec: loss=0.0640/0.9439, acc=0.9823/0.7820
[43/100] 156.91 sec: loss=0.0646/1.0345, acc=0.9826/0.7830
[44/100] 156.80 sec: loss=0.0681/1.0270, acc=0.9810/0.7760
[45/100] 156.95 sec: loss=0.0626/0.9791, acc=0.9839/0.7830
[46/100] 156.82 sec: loss=0.0682/0.9426, acc=0.9809/0.7820
[47/100] 156.88 sec: loss=0.0608/0.9878, acc=0.9849/0.7790
[48/100] 157.30 sec: loss=0.0668/1.0475, acc=0.9820/0.7720
[49/100] 157.12 sec: loss=0.0654/1.0765, acc=0.9811/0.7670
[50/100] 157.08 sec: loss=0.0651/1.0717, acc=0.9823/0.7820
[51/100] 157.50 sec: loss=0.0640/1.0460, acc=0.9846/0.7640
[52/100] 158.36 sec: loss=0.0621/0.9392, acc=0.9841/0.7740
[53/100] 157.43 sec: loss=0.0619/1.0093, acc=0.9846/0.7740
[54/100] 157.26 sec: loss=0.0615/0.9982, acc=0.9830/0.7690
[55/100] 157.15 sec: loss=0.0626/0.9757, acc=0.9838/0.7820
[56/100] 156.95 sec: loss=0.0566/1.0973, acc=0.9856/0.7670
[57/100] 157.08 sec: loss=0.0667/0.9874, acc=0.9828/0.7780
[58/100] 157.22 sec: loss=0.0582/1.0193, acc=0.9851/0.7740
[59/100] 157.45 sec: loss=0.0627/1.0153, acc=0.9832/0.7640
[60/100] 157.58 sec: loss=0.0643/1.0027, acc=0.9820/0.7780
[61/100] 157.50 sec: loss=0.0595/0.9945, acc=0.9848/0.7790
[62/100] 157.77 sec: loss=0.0619/0.9999, acc=0.9846/0.7720
impatient! no performance increase since epoch 36
early stopping -- rewinding to epoch 36
TEST DONE in 9741.68 sec: lr=0.001, momentum=0.9, l2=1e-07, loss=0.9822
^^^ NEW BEST MODEL CHOSEN ^^^
initializing resnet with fine_tuning=True
[1/100] 157.86 sec: loss=3.4227/3.3651, acc=0.0606/0.0700
[2/100] 158.32 sec: loss=3.1704/2.9282, acc=0.1340/0.2200
[3/100] 157.47 sec: loss=2.6410/2.3441, acc=0.2916/0.3770
[4/100] 157.30 sec: loss=2.1697/1.9919, acc=0.4231/0.4560
[5/100] 157.28 sec: loss=1.8884/1.6967, acc=0.4853/0.5180
[6/100] 157.12 sec: loss=1.6926/1.5318, acc=0.5266/0.5380
[7/100] 157.66 sec: loss=1.5447/1.4651, acc=0.5627/0.5700
[8/100] 157.90 sec: loss=1.4410/1.3971, acc=0.5866/0.5910
[9/100] 157.69 sec: loss=1.3598/1.3083, acc=0.6097/0.6110
[10/100] 157.20 sec: loss=1.2835/1.1925, acc=0.6316/0.6390
[11/100] 157.02 sec: loss=1.2228/1.2505, acc=0.6510/0.6400
new best model found: acc=0.632, loss=1.238057991489768
[12/100] 156.97 sec: loss=1.1584/1.2381, acc=0.6659/0.6320
new best model found: acc=0.665, loss=1.15479532815516
[13/100] 156.74 sec: loss=1.1308/1.1548, acc=0.6752/0.6650
new best model found: acc=0.669, loss=1.1372505761682987
[14/100] 156.81 sec: loss=1.0869/1.1373, acc=0.6827/0.6690
new best model found: acc=0.671, loss=1.082986133173108
[15/100] 156.86 sec: loss=1.0370/1.0830, acc=0.7007/0.6710
new best model found: acc=0.695, loss=1.0703726261854172
[16/100] 156.80 sec: loss=1.0236/1.0704, acc=0.7057/0.6950
[17/100] 157.10 sec: loss=0.9855/1.0390, acc=0.7157/0.6800
new best model found: acc=0.706, loss=1.0031159818172455
[18/100] 157.06 sec: loss=0.9615/1.0031, acc=0.7191/0.7060
[19/100] 156.73 sec: loss=0.9154/1.0561, acc=0.7331/0.6870
new best model found: acc=0.708, loss=1.026860749348998
[20/100] 157.49 sec: loss=0.8833/1.0269, acc=0.7444/0.7080
[21/100] 157.41 sec: loss=0.8573/1.0182, acc=0.7541/0.7080
[22/100] 156.94 sec: loss=0.8605/0.9787, acc=0.7508/0.7060
new best model found: acc=0.716, loss=0.9595890901982784
[23/100] 156.84 sec: loss=0.8374/0.9596, acc=0.7550/0.7160
new best model found: acc=0.72, loss=0.9929489195346832
[24/100] 156.89 sec: loss=0.8076/0.9929, acc=0.7667/0.7200
new best model found: acc=0.727, loss=0.9264897173270583
[25/100] 158.12 sec: loss=0.7884/0.9265, acc=0.7718/0.7270
[26/100] 157.31 sec: loss=0.7600/0.9502, acc=0.7791/0.7200
[27/100] 157.03 sec: loss=0.7534/0.9589, acc=0.7803/0.7180
new best model found: acc=0.748, loss=0.9156907266005874
[28/100] 156.89 sec: loss=0.7323/0.9157, acc=0.7878/0.7480
[29/100] 156.79 sec: loss=0.7127/1.0338, acc=0.7944/0.7060
[30/100] 156.60 sec: loss=0.6958/0.9563, acc=0.7992/0.7270
[31/100] 156.78 sec: loss=0.6828/1.0199, acc=0.7954/0.7180
[32/100] 156.75 sec: loss=0.6720/0.9580, acc=0.8026/0.7260
[33/100] 157.04 sec: loss=0.6551/0.9773, acc=0.8080/0.7310
[34/100] 157.29 sec: loss=0.6443/0.9341, acc=0.8100/0.7370
[35/100] 157.23 sec: loss=0.6270/1.0090, acc=0.8159/0.7270
[36/100] 157.15 sec: loss=0.6149/0.9386, acc=0.8211/0.7280
[37/100] 157.04 sec: loss=0.5872/0.9257, acc=0.8309/0.7360
[38/100] 156.69 sec: loss=0.5918/0.9050, acc=0.8284/0.7470
[39/100] 156.64 sec: loss=0.5672/0.9895, acc=0.8319/0.7330
[40/100] 156.61 sec: loss=0.5679/0.9854, acc=0.8337/0.7280
[41/100] 156.56 sec: loss=0.5437/0.9883, acc=0.8443/0.7300
new best model found: acc=0.749, loss=0.9395656641572714
[42/100] 156.86 sec: loss=0.5193/0.9396, acc=0.8488/0.7490
new best model found: acc=0.755, loss=0.9197588097304106
[43/100] 156.95 sec: loss=0.5312/0.9198, acc=0.8423/0.7550
[44/100] 156.84 sec: loss=0.5116/0.9395, acc=0.8466/0.7520
[45/100] 157.07 sec: loss=0.4949/0.9695, acc=0.8521/0.7310
[46/100] 156.73 sec: loss=0.4922/0.9781, acc=0.8536/0.7480
[47/100] 156.78 sec: loss=0.4750/0.9896, acc=0.8601/0.7220
[48/100] 156.65 sec: loss=0.4458/0.9202, acc=0.8683/0.7450
[49/100] 156.99 sec: loss=0.4326/0.9458, acc=0.8752/0.7400
[50/100] 157.16 sec: loss=0.4033/0.9633, acc=0.8844/0.7540
new best model found: acc=0.768, loss=0.8641650145873427
[51/100] 157.05 sec: loss=0.3920/0.8642, acc=0.8867/0.7680
[52/100] 157.05 sec: loss=0.3909/0.9158, acc=0.8834/0.7520
[53/100] 157.29 sec: loss=0.3875/0.9899, acc=0.8872/0.7390
[54/100] 157.12 sec: loss=0.3802/0.9457, acc=0.8902/0.7500
[55/100] 156.80 sec: loss=0.3740/0.9496, acc=0.8901/0.7640
[56/100] 156.82 sec: loss=0.3622/0.9697, acc=0.8973/0.7410
[57/100] 156.58 sec: loss=0.3730/0.8855, acc=0.8916/0.7630
[58/100] 156.70 sec: loss=0.3612/0.9025, acc=0.8938/0.7620
new best model found: acc=0.769, loss=0.8359188223257661
[59/100] 156.65 sec: loss=0.3709/0.8359, acc=0.8878/0.7690
[60/100] 156.68 sec: loss=0.3626/0.9664, acc=0.8951/0.7490
[61/100] 156.88 sec: loss=0.3643/0.9134, acc=0.8966/0.7460
[62/100] 156.97 sec: loss=0.3550/0.9203, acc=0.8983/0.7610
[63/100] 157.02 sec: loss=0.3598/0.9178, acc=0.8969/0.7520
[64/100] 157.29 sec: loss=0.3474/0.8856, acc=0.9009/0.7600
[65/100] 157.13 sec: loss=0.3529/0.9137, acc=0.8977/0.7580
[66/100] 157.05 sec: loss=0.3455/0.9098, acc=0.8997/0.7550
[67/100] 157.04 sec: loss=0.3482/0.9173, acc=0.9022/0.7560
[68/100] 157.29 sec: loss=0.3577/0.9017, acc=0.8940/0.7550
[69/100] 158.25 sec: loss=0.3315/0.9399, acc=0.9052/0.7530
[70/100] 159.67 sec: loss=0.3402/0.9711, acc=0.9031/0.7570
[71/100] 160.60 sec: loss=0.3384/0.9370, acc=0.9036/0.7570
[72/100] 160.95 sec: loss=0.3507/0.9322, acc=0.8979/0.7580
[73/100] 161.22 sec: loss=0.3386/0.9741, acc=0.9021/0.7440
[74/100] 161.12 sec: loss=0.3418/0.9355, acc=0.9026/0.7520
[75/100] 160.56 sec: loss=0.3440/0.9239, acc=0.8996/0.7500
[76/100] 160.38 sec: loss=0.3357/0.9293, acc=0.9033/0.7610
[77/100] 160.57 sec: loss=0.3439/0.9694, acc=0.9027/0.7450
[78/100] 161.41 sec: loss=0.3262/0.9165, acc=0.9066/0.7670
[79/100] 161.34 sec: loss=0.3273/0.9179, acc=0.9091/0.7520
[80/100] 161.41 sec: loss=0.3385/0.9652, acc=0.9030/0.7480
[81/100] 161.37 sec: loss=0.3217/0.9009, acc=0.9098/0.7610
[82/100] 161.61 sec: loss=0.3300/0.9500, acc=0.9067/0.7590
[83/100] 161.18 sec: loss=0.3425/0.9372, acc=0.8977/0.7490
[84/100] 161.35 sec: loss=0.3313/0.8895, acc=0.9068/0.7590
impatient! no performance increase since epoch 58
early stopping -- rewinding to epoch 58
TEST DONE in 13257.04 sec: lr=0.0001, momentum=0.9, l2=0.001, loss=0.8359
^^^ NEW BEST MODEL CHOSEN ^^^
initializing resnet with fine_tuning=True
[1/100] 160.94 sec: loss=3.4297/3.4069, acc=0.0517/0.0670
[2/100] 161.58 sec: loss=3.2130/3.0055, acc=0.1224/0.1900
[3/100] 161.82 sec: loss=2.7321/2.4801, acc=0.2730/0.3320
[4/100] 162.65 sec: loss=2.2521/2.0248, acc=0.3909/0.4400
[5/100] 163.42 sec: loss=1.9062/1.8028, acc=0.4827/0.5080
[6/100] 163.42 sec: loss=1.6961/1.5757, acc=0.5243/0.5440
[7/100] 163.65 sec: loss=1.5649/1.4920, acc=0.5563/0.5500
[8/100] 163.61 sec: loss=1.4450/1.4220, acc=0.5862/0.5790
[9/100] 162.83 sec: loss=1.3530/1.3323, acc=0.6044/0.6050
[10/100] 162.18 sec: loss=1.2821/1.2829, acc=0.6284/0.6180
[11/100] 160.31 sec: loss=1.2286/1.2444, acc=0.6494/0.6480
new best model found: acc=0.653, loss=1.1769268047064543
[12/100] 161.00 sec: loss=1.1802/1.1769, acc=0.6577/0.6530
new best model found: acc=0.662, loss=1.1284237513318658
[13/100] 160.15 sec: loss=1.1196/1.1284, acc=0.6763/0.6620
new best model found: acc=0.665, loss=1.1380131766200066
[14/100] 160.78 sec: loss=1.0673/1.1380, acc=0.6918/0.6650
new best model found: acc=0.675, loss=1.1039211060851812
[15/100] 160.74 sec: loss=1.0407/1.1039, acc=0.6974/0.6750
new best model found: acc=0.684, loss=1.1066152937710285
[16/100] 160.39 sec: loss=1.0174/1.1066, acc=0.7031/0.6840
[17/100] 160.38 sec: loss=0.9969/1.0846, acc=0.7131/0.6790
new best model found: acc=0.694, loss=1.0424301587045193
[18/100] 160.50 sec: loss=0.9506/1.0424, acc=0.7188/0.6940
[19/100] 160.98 sec: loss=0.9210/1.0813, acc=0.7309/0.6850
new best model found: acc=0.705, loss=1.0085981655865908
[20/100] 161.46 sec: loss=0.8942/1.0086, acc=0.7414/0.7050
new best model found: acc=0.717, loss=0.9882714170962572
[21/100] 161.36 sec: loss=0.8673/0.9883, acc=0.7476/0.7170
new best model found: acc=0.719, loss=0.9709454895928502
[22/100] 162.01 sec: loss=0.8534/0.9709, acc=0.7498/0.7190
[23/100] 162.19 sec: loss=0.8244/1.0217, acc=0.7562/0.7020
new best model found: acc=0.727, loss=0.9989498518407345
[24/100] 162.22 sec: loss=0.8201/0.9989, acc=0.7627/0.7270
new best model found: acc=0.732, loss=0.9783202856779099
[25/100] 162.45 sec: loss=0.7859/0.9783, acc=0.7711/0.7320
[26/100] 162.60 sec: loss=0.7545/0.9420, acc=0.7786/0.7300
[27/100] 162.58 sec: loss=0.7380/0.9719, acc=0.7884/0.7220
[28/100] 163.06 sec: loss=0.7279/0.9425, acc=0.7858/0.7230
[29/100] 162.56 sec: loss=0.7057/0.9596, acc=0.7941/0.7300
[30/100] 162.85 sec: loss=0.7009/0.9553, acc=0.7932/0.7190
[31/100] 163.42 sec: loss=0.6820/0.9411, acc=0.7970/0.7290
new best model found: acc=0.737, loss=0.9188055032864213
[32/100] 163.87 sec: loss=0.6655/0.9188, acc=0.8068/0.7370
[33/100] 163.84 sec: loss=0.6483/0.9175, acc=0.8103/0.7150
[34/100] 164.44 sec: loss=0.6337/0.9229, acc=0.8173/0.7360
[35/100] 164.25 sec: loss=0.6138/0.9415, acc=0.8234/0.7300
[36/100] 164.69 sec: loss=0.5955/0.9390, acc=0.8202/0.7220
new best model found: acc=0.744, loss=0.9352162387222052
[37/100] 164.87 sec: loss=0.5872/0.9352, acc=0.8301/0.7440
new best model found: acc=0.758, loss=0.901501189917326
[38/100] 164.66 sec: loss=0.5681/0.9015, acc=0.8297/0.7580
[39/100] 165.06 sec: loss=0.5531/0.9610, acc=0.8406/0.7350
[40/100] 164.88 sec: loss=0.5422/0.9125, acc=0.8377/0.7430
[41/100] 164.66 sec: loss=0.5314/0.9568, acc=0.8429/0.7300
[42/100] 165.08 sec: loss=0.5211/0.9366, acc=0.8454/0.7390
[43/100] 165.07 sec: loss=0.5063/0.9453, acc=0.8482/0.7380
new best model found: acc=0.765, loss=0.9047145629301667
[44/100] 165.04 sec: loss=0.4915/0.9047, acc=0.8552/0.7650
[45/100] 165.29 sec: loss=0.4724/0.9519, acc=0.8606/0.7360
[46/100] 165.06 sec: loss=0.4650/0.9159, acc=0.8637/0.7420
[47/100] 165.10 sec: loss=0.4618/0.9246, acc=0.8643/0.7440
[48/100] 165.23 sec: loss=0.4481/0.9742, acc=0.8700/0.7490
[49/100] 165.50 sec: loss=0.4326/0.9135, acc=0.8737/0.7620
[50/100] 165.49 sec: loss=0.3923/0.9758, acc=0.8792/0.7380
[51/100] 165.68 sec: loss=0.3795/0.9054, acc=0.8893/0.7540
[52/100] 165.70 sec: loss=0.3793/0.9670, acc=0.8901/0.7570
[53/100] 165.89 sec: loss=0.3719/0.9248, acc=0.8959/0.7510
[54/100] 165.84 sec: loss=0.3658/0.9425, acc=0.8929/0.7540
[55/100] 165.88 sec: loss=0.3654/0.9282, acc=0.8913/0.7580
[56/100] 165.70 sec: loss=0.3566/0.9335, acc=0.8980/0.7610
[57/100] 165.64 sec: loss=0.3616/0.9888, acc=0.8954/0.7440
[58/100] 166.13 sec: loss=0.3471/0.9522, acc=0.9009/0.7590
[59/100] 165.67 sec: loss=0.3558/0.9586, acc=0.8949/0.7480
[60/100] 165.67 sec: loss=0.3566/0.9214, acc=0.8987/0.7650
[61/100] 166.23 sec: loss=0.3514/0.9364, acc=0.8976/0.7500
[62/100] 166.16 sec: loss=0.3428/0.9109, acc=0.9034/0.7530
[63/100] 166.36 sec: loss=0.3409/0.9166, acc=0.8996/0.7640
[64/100] 166.24 sec: loss=0.3475/0.9290, acc=0.8984/0.7540
[65/100] 166.12 sec: loss=0.3427/0.9326, acc=0.9011/0.7590
[66/100] 166.29 sec: loss=0.3484/0.9746, acc=0.8998/0.7650
[67/100] 166.26 sec: loss=0.3480/0.9634, acc=0.8979/0.7530
[68/100] 166.33 sec: loss=0.3480/0.9263, acc=0.9008/0.7460
new best model found: acc=0.766, loss=0.9623413784429431
[69/100] 166.10 sec: loss=0.3479/0.9623, acc=0.8998/0.7660
[70/100] 166.10 sec: loss=0.3535/0.9097, acc=0.8980/0.7570
[71/100] 166.09 sec: loss=0.3464/0.9179, acc=0.8954/0.7620
[72/100] 166.08 sec: loss=0.3471/0.9664, acc=0.8992/0.7540
[73/100] 166.12 sec: loss=0.3373/0.9675, acc=0.9022/0.7500
[74/100] 166.51 sec: loss=0.3457/0.9486, acc=0.9018/0.7510
[75/100] 166.51 sec: loss=0.3423/0.8979, acc=0.9051/0.7630
[76/100] 166.07 sec: loss=0.3395/0.9361, acc=0.9002/0.7550
[77/100] 166.31 sec: loss=0.3455/0.9323, acc=0.8997/0.7620
[78/100] 166.07 sec: loss=0.3405/0.9836, acc=0.9020/0.7320
[79/100] 166.09 sec: loss=0.3432/0.9351, acc=0.9009/0.7630
[80/100] 165.91 sec: loss=0.3434/0.9544, acc=0.9002/0.7580
[81/100] 166.32 sec: loss=0.3463/0.9563, acc=0.8999/0.7510
[82/100] 166.46 sec: loss=0.3467/0.9510, acc=0.8999/0.7570
[83/100] 166.12 sec: loss=0.3465/0.9349, acc=0.9030/0.7580
[84/100] 166.55 sec: loss=0.3396/0.9227, acc=0.9021/0.7560
[85/100] 166.46 sec: loss=0.3448/0.9670, acc=0.8992/0.7460
[86/100] 166.32 sec: loss=0.3301/0.9800, acc=0.9067/0.7380
[87/100] 166.02 sec: loss=0.3424/0.9366, acc=0.8998/0.7450
[88/100] 166.34 sec: loss=0.3459/0.9220, acc=0.9033/0.7450
[89/100] 166.09 sec: loss=0.3492/0.9819, acc=0.8981/0.7440
[90/100] 165.91 sec: loss=0.3409/0.8843, acc=0.9041/0.7580
[91/100] 165.90 sec: loss=0.3398/0.9766, acc=0.9036/0.7580
[92/100] 166.45 sec: loss=0.3511/0.9339, acc=0.8987/0.7540
[93/100] 166.32 sec: loss=0.3479/0.9344, acc=0.8972/0.7470
[94/100] 166.13 sec: loss=0.3343/0.9552, acc=0.9038/0.7420
impatient! no performance increase since epoch 68
early stopping -- rewinding to epoch 68
TEST DONE in 15465.88 sec: lr=0.0001, momentum=0.9, l2=1e-05, loss=0.9623
^^^ NEW BEST MODEL CHOSEN ^^^
initializing resnet with fine_tuning=True
[1/100] 166.60 sec: loss=3.4355/3.4760, acc=0.0579/0.0740
[2/100] 165.88 sec: loss=3.1661/2.9969, acc=0.1352/0.2150
[3/100] 165.90 sec: loss=2.6356/2.4839, acc=0.3030/0.3750
[4/100] 166.32 sec: loss=2.1686/2.0339, acc=0.4192/0.4210
[5/100] 166.50 sec: loss=1.8656/1.7482, acc=0.4866/0.4940
[6/100] 166.31 sec: loss=1.6710/1.5683, acc=0.5287/0.5510
[7/100] 166.28 sec: loss=1.5314/1.4724, acc=0.5561/0.5710
[8/100] 166.09 sec: loss=1.4250/1.3999, acc=0.5914/0.5770
[9/100] 166.27 sec: loss=1.3504/1.2807, acc=0.6143/0.6200
[10/100] 166.33 sec: loss=1.2834/1.2523, acc=0.6258/0.6300
[11/100] 166.10 sec: loss=1.2179/1.2345, acc=0.6529/0.6320
new best model found: acc=0.66, loss=1.1791506372392178
[12/100] 165.88 sec: loss=1.1579/1.1792, acc=0.6616/0.6600
new best model found: acc=0.666, loss=1.163525003939867
[13/100] 165.93 sec: loss=1.1231/1.1635, acc=0.6756/0.6660
new best model found: acc=0.678, loss=1.0781729221343994
[14/100] 166.24 sec: loss=1.0757/1.0782, acc=0.6802/0.6780
new best model found: acc=0.685, loss=1.1016178093850613
[15/100] 166.54 sec: loss=1.0313/1.1016, acc=0.6992/0.6850
[16/100] 166.38 sec: loss=0.9941/1.1023, acc=0.7121/0.6810
[17/100] 166.01 sec: loss=0.9599/1.0643, acc=0.7186/0.6840
new best model found: acc=0.697, loss=1.067905180156231
[18/100] 166.12 sec: loss=0.9381/1.0679, acc=0.7251/0.6970
new best model found: acc=0.715, loss=1.0046492535620928
[19/100] 166.52 sec: loss=0.9240/1.0046, acc=0.7283/0.7150
[20/100] 166.65 sec: loss=0.8974/1.0693, acc=0.7389/0.7130
[21/100] 166.52 sec: loss=0.8635/1.0207, acc=0.7497/0.7100
[22/100] 166.20 sec: loss=0.8246/1.0253, acc=0.7580/0.7100
[23/100] 166.40 sec: loss=0.8201/1.0223, acc=0.7647/0.7070
new best model found: acc=0.718, loss=0.9571249336004257
[24/100] 166.29 sec: loss=0.8025/0.9571, acc=0.7689/0.7180
new best model found: acc=0.723, loss=0.959294056519866
[25/100] 166.10 sec: loss=0.7685/0.9593, acc=0.7772/0.7230
[26/100] 165.88 sec: loss=0.7508/0.9928, acc=0.7813/0.7140
[27/100] 166.25 sec: loss=0.7412/0.9908, acc=0.7811/0.7130
[28/100] 166.37 sec: loss=0.7175/0.9948, acc=0.7942/0.7200
[29/100] 166.49 sec: loss=0.7041/0.9458, acc=0.7994/0.7220
new best model found: acc=0.727, loss=1.0121800629422069
[30/100] 166.50 sec: loss=0.6959/1.0122, acc=0.7973/0.7270
[31/100] 166.51 sec: loss=0.6798/1.0072, acc=0.7998/0.7150
new best model found: acc=0.75, loss=0.9256937354803085
[32/100] 166.55 sec: loss=0.6633/0.9257, acc=0.8054/0.7500
[33/100] 166.23 sec: loss=0.6483/0.9443, acc=0.8099/0.7390
[34/100] 166.30 sec: loss=0.6181/0.9573, acc=0.8146/0.7320
[35/100] 166.52 sec: loss=0.6174/0.9328, acc=0.8208/0.7430
[36/100] 166.71 sec: loss=0.5881/0.9443, acc=0.8294/0.7350
new best model found: acc=0.756, loss=0.9175436366349459
[37/100] 166.48 sec: loss=0.5760/0.9175, acc=0.8346/0.7560
[38/100] 166.44 sec: loss=0.5726/0.9592, acc=0.8338/0.7420
[39/100] 166.28 sec: loss=0.5531/0.9124, acc=0.8386/0.7490
[40/100] 166.41 sec: loss=0.5418/0.9322, acc=0.8401/0.7510
[41/100] 166.51 sec: loss=0.5256/0.9934, acc=0.8446/0.7370
[42/100] 166.29 sec: loss=0.5285/0.9555, acc=0.8418/0.7530
new best model found: acc=0.759, loss=0.9445498781278729
[43/100] 166.31 sec: loss=0.4959/0.9445, acc=0.8557/0.7590
[44/100] 166.07 sec: loss=0.4961/0.9534, acc=0.8499/0.7460
[45/100] 166.11 sec: loss=0.4829/0.9677, acc=0.8557/0.7400
[46/100] 166.37 sec: loss=0.4665/0.9557, acc=0.8632/0.7580
[47/100] 166.45 sec: loss=0.4603/0.9588, acc=0.8639/0.7560
[48/100] 166.60 sec: loss=0.4380/0.9536, acc=0.8690/0.7470
[49/100] 166.51 sec: loss=0.4341/0.9932, acc=0.8697/0.7400
[50/100] 166.44 sec: loss=0.4372/0.9713, acc=0.8673/0.7530
[51/100] 166.30 sec: loss=0.3868/0.9356, acc=0.8863/0.7570
[52/100] 166.48 sec: loss=0.3748/0.9719, acc=0.8917/0.7490
[53/100] 166.45 sec: loss=0.3744/0.9275, acc=0.8916/0.7560
[54/100] 166.11 sec: loss=0.3542/0.9455, acc=0.8977/0.7570
[55/100] 165.99 sec: loss=0.3540/0.9523, acc=0.9000/0.7580
new best model found: acc=0.764, loss=0.9552037063986063
[56/100] 166.05 sec: loss=0.3587/0.9552, acc=0.8929/0.7640
new best model found: acc=0.77, loss=0.9636844554916024
[57/100] 166.42 sec: loss=0.3535/0.9637, acc=0.8954/0.7700
[58/100] 166.52 sec: loss=0.3531/0.9516, acc=0.8974/0.7520
[59/100] 166.73 sec: loss=0.3552/0.9339, acc=0.8979/0.7550
[60/100] 166.44 sec: loss=0.3509/0.9413, acc=0.8963/0.7590
[61/100] 166.55 sec: loss=0.3387/0.9054, acc=0.9019/0.7620
[62/100] 166.46 sec: loss=0.3430/0.9364, acc=0.8989/0.7540
[63/100] 166.74 sec: loss=0.3472/0.9805, acc=0.8981/0.7540
new best model found: acc=0.787, loss=0.9329316578805447
[64/100] 166.50 sec: loss=0.3367/0.9329, acc=0.9002/0.7870
[65/100] 166.29 sec: loss=0.3322/0.9708, acc=0.9051/0.7560
[66/100] 166.10 sec: loss=0.3373/1.0323, acc=0.9040/0.7450
[67/100] 166.29 sec: loss=0.3355/0.9229, acc=0.9032/0.7730
[68/100] 166.09 sec: loss=0.3277/1.0299, acc=0.9028/0.7470
[69/100] 166.08 sec: loss=0.3276/0.9408, acc=0.9073/0.7590
[70/100] 166.10 sec: loss=0.3284/0.9439, acc=0.9047/0.7690
[71/100] 166.11 sec: loss=0.3263/0.9072, acc=0.9062/0.7610
[72/100] 166.21 sec: loss=0.3290/0.9890, acc=0.9083/0.7540
[73/100] 166.68 sec: loss=0.3187/0.9877, acc=0.9088/0.7540
[74/100] 166.63 sec: loss=0.3242/0.9855, acc=0.9073/0.7460
[75/100] 166.55 sec: loss=0.3169/0.9840, acc=0.9088/0.7580
[76/100] 166.39 sec: loss=0.3199/0.9033, acc=0.9078/0.7690
[77/100] 166.30 sec: loss=0.3224/0.9311, acc=0.9062/0.7740
[78/100] 166.66 sec: loss=0.3177/0.9562, acc=0.9104/0.7590
[79/100] 166.84 sec: loss=0.3145/1.0122, acc=0.9097/0.7580
[80/100] 166.63 sec: loss=0.3170/0.9513, acc=0.9087/0.7540
[81/100] 166.29 sec: loss=0.3109/0.9895, acc=0.9091/0.7620
[82/100] 166.08 sec: loss=0.3153/0.9889, acc=0.9093/0.7460
[83/100] 166.10 sec: loss=0.3094/0.9651, acc=0.9132/0.7520
[84/100] 166.22 sec: loss=0.3149/0.9621, acc=0.9072/0.7710
[85/100] 166.40 sec: loss=0.3160/0.9174, acc=0.9090/0.7760
[86/100] 166.46 sec: loss=0.3079/0.9533, acc=0.9107/0.7650
[87/100] 166.52 sec: loss=0.3215/0.9424, acc=0.9062/0.7620
[88/100] 166.63 sec: loss=0.3030/0.9714, acc=0.9140/0.7580
[89/100] 166.60 sec: loss=0.3034/0.9640, acc=0.9132/0.7600
impatient! no performance increase since epoch 63
early stopping -- rewinding to epoch 63
TEST DONE in 14812.46 sec: lr=0.0001, momentum=0.9, l2=1e-07, loss=0.9329
^^^ NEW BEST MODEL CHOSEN ^^^
BEST OPTIMIZER: [{'lr': 1.0000000000000002e-07, 'momentum': 0.9, 'dampening': 0, 'weight_decay': 1e-07, 'nesterov': False, 'params': [140510730138752, 140510730137960, 140510730222040, 140510910756904, 140510910757120, 140510910755752, 140510910756256, 140510910758344, 140510910758848, 140510910756760, 140510910757696, 140510910756112, 140510799730440, 140510910757048, 140510910758704, 140510796453064, 140510796454576, 140510796452200, 140510796455224, 140510796453208, 140510796452056, 140510796454360, 140510796452632, 140510796452992, 140510689586920, 140510689586632, 140510689586488, 140510689583392, 140510689586056, 140510689583320, 140510689586272, 140510689585408, 140510689584328, 140510689584112, 140510689585840, 140510689585768, 140510689586848, 140510689585984, 140510689583536, 140510689585696, 140510689586704, 140510689586200, 140510689584256, 140510689584040, 140510689585048, 140510799309200, 140510799308120, 140510799307544, 140510799309488, 140510799308624, 140510799310496, 140510799308912, 140510799307904, 140510799307328, 140510799307616, 140510680920280, 140510680920352, 140510680920928, 140510680921432, 140510680921360, 140510680922008, 140510680922512, 140510680922728, 140510680923088, 140510680923376, 140510680923592, 140510680923808, 140510680920712, 140510680922080, 140510680923016, 140510680922440, 140510680923232, 140510680916112, 140510680916832, 140510680916760, 140510680917408, 140510680917768, 140510796454720, 140510799731016, 140510799731160, 140510799729576, 140510799684016, 140510799684808, 140510799683944, 140510680917336, 140510680917984, 140510680917696, 140510680918344, 140510680916616, 140510680918632, 140510680916904, 140510680918992, 140510680919928, 140510680918488, 140510680919064, 140510680919424, 140510680919352, 140510911497344, 140510911499000, 140510911187560, 140510911187056, 140510911188568, 140510730217584, 140510730217440, 140510730219240, 140510661048360, 140510661047784, 140510761769864, 140510761768784, 140510761769936, 140510761768712, 140510761769072, 140510761769216, 140510761769792, 140510761767344, 140510761766984, 140510761767056, 140510799708304, 140510799709600, 140510799709240, 140510730515440, 140510730515584, 140510730515872, 140510730516232, 140510730517312, 140510730516808, 140510730517600, 140510730518104, 140510730517384, 140510910716592, 140510910716952, 140510910716736, 140510730564520, 140510730565024, 140510730563728, 140510730565096, 140510730565816, 140510730565744, 140510730567616, 140510730567184, 140510730566536, 140510797815952, 140510797819048, 140510797816168, 140510797817392, 140510797818400, 140510797818184, 140510690093024, 140510690093168, 140510690094464, 140510690092736, 140510690093600, 140510690091296, 140510690094392, 140510690092808, 140510727724128, 140510730608712, 140510730609432, 140510730609288, 140510730610008, 140510730609936, 140510730610080, 140510730611232, 140510730611376, 140510730609864, 140510796445736, 140510796445016, 140510796446672, 140510796444152, 140510796446744, 140510796447680, 140510796444296, 140510796444368, 140510796445448, 140510796443792, 140510796447104, 140510796444800, 140510689716912, 140510689715688, 140510689716408, 140510689715184, 140510689716552, 140510701143240, 140510701143672, 140510701145040, 140510701144464, 140510797464920, 140510797465928, 140510797464776, 140510797465280, 140510797464488, 140510797464704, 140510797465208, 140510797466360, 140510797463912, 140508799209904, 140508799209832, 140508799210768, 140508799212424, 140508799209616, 140508799209544, 140508799210696, 140508799210624, 140508799212640, 140508799211344, 140508799211488, 140508799211632, 140508799213360, 140508799213432, 140508799213144, 140508799213072, 140510798283112, 140510798285704, 140510798284552, 140510798283688, 140510798285272, 140510798286208, 140510798285848, 140510798285776, 140510798284192, 140510798284120, 140510798286352, 140510798284408, 140508804688416, 140508804688560, 140508804687912, 140508804686184, 140508804688704, 140508804686400, 140508804687192, 140508804688056, 140508804688488, 140508804688920, 140508804686976, 140508804689424, 140508804689280, 140508804689352, 140508804689784, 140508804689856, 140508804687264, 140508805873528, 140508805873312, 140508805872808, 140508805872088, 140508805871152, 140508805871584, 140508805871368, 140508805872232, 140508805871440, 140508805870720, 140508805870360, 140508805871656, 140508805871800, 140508805870864, 140508805869928, 140508805870504, 140508805870216, 140508805872304, 140508806722544, 140508806723696, 140508806721968, 140508806722832, 140508806722256, 140508806723552, 140508806723408, 140508806721608, 140508806721896, 140508806725568, 140508806722976, 140508806722688, 140508806725136, 140508806725424, 140508806724992, 140508807904640, 140508807905000, 140508807904712, 140508807905072, 140508807904784, 140508807902408, 140508807901904, 140508807902552, 140508807902768, 140508807901544, 140508807902840, 140508807902624, 140508807902480, 140508807902984, 140508807904280, 140508808586368, 140508808585936, 140508808586728, 140508807903992, 140508807903560, 140508807902120, 140508808586296, 140508808586440, 140508808586512, 140508808585576, 140508808585864, 140508808588744, 140508808588096, 140508808587448, 140508808589104, 140508808587952, 140508808587592, 140508808588672, 140508808587664, 140508808588528, 140508808588600, 140510663752728, 140510663752080, 140510663752872, 140510761896480, 140510761894392]}]
